<?xml version="1.0" encoding="UTF-8"?>
<!-- Generated by org.testng.reporters.JUnitReportReporter -->
<testsuite hostname="Shivams-Air.phub.net.cable.rogers.com" failures="0" tests="1" name="com.webappsecurity.zero.testscripts.VerifyFundTransferTest" time="5.224" errors="0" timestamp="2021-05-11T18:38:12 EDT" skipped="0">
  <testcase classname="com.webappsecurity.zero.testscripts.VerifyFundTransferTest" name="verifyFundTransfer" time="5.224"/>
  <system-out/>
</testsuite> <!-- com.webappsecurity.zero.testscripts.VerifyFundTransferTest -->
