<?xml version="1.0" encoding="UTF-8"?>
<!-- Generated by org.testng.reporters.JUnitReportReporter -->
<testsuite hostname="Shivams-Air.phub.net.cable.rogers.com" failures="0" tests="1" name="kdf.Application" time="21.813" errors="0" timestamp="2021-05-18T22:19:23 EDT" skipped="0">
  <testcase classname="kdf.Application" name="verifyInvalidLogin" time="21.813"/>
  <system-out/>
</testsuite> <!-- kdf.Application -->
