<?xml version="1.0" encoding="UTF-8"?>
<!-- Generated by org.testng.reporters.JUnitReportReporter -->
<testsuite hostname="Shivams-Air.phub.net.cable.rogers.com" failures="0" tests="1" name="kdf.Application" time="22.541" errors="0" timestamp="2021-05-18T23:08:36 EDT" skipped="0">
  <testcase classname="kdf.Application" name="verifyInvalidLogin" time="22.541"/>
  <system-out/>
</testsuite> <!-- kdf.Application -->
